<?xml version="1.0" encoding="UTF-8"?>
<!-- Generated by org.testng.reporters.JUnitReportReporter -->
<testsuite skipped="0" hostname="Harmeet-PC" name="com.pcs.toolsqa.TestWebpage" tests="2" failures="0" timestamp="2020-03-24T17:54:34 IST" time="17.437" errors="0">
  <testcase name="Selectable" time="13.512" classname="com.pcs.toolsqa.TestWebpage"/>
  <system-out/>
  <testcase name="Sortable" time="3.925" classname="com.pcs.toolsqa.TestWebpage"/>
  <system-out/>
</testsuite> <!-- com.pcs.toolsqa.TestWebpage -->
