<?xml version="1.0" encoding="UTF-8"?>
<!-- Generated by org.testng.reporters.JUnitReportReporter -->
<testsuite skipped="0" hostname="Harmeet-PC" name="com.pcs.toolsqa.Interactions" tests="5" failures="0" timestamp="2020-04-03T14:10:08 IST" time="27.504" errors="0">
  <testcase name="Selectable" time="3.532" classname="com.pcs.toolsqa.Interactions"/>
  <system-out/>
  <testcase name="Draggable" time="13.495" classname="com.pcs.toolsqa.Interactions"/>
  <system-out/>
  <testcase name="Resizable" time="3.452" classname="com.pcs.toolsqa.Interactions"/>
  <system-out/>
  <testcase name="Sortable" time="3.102" classname="com.pcs.toolsqa.Interactions"/>
  <system-out/>
  <testcase name="Droppable" time="3.923" classname="com.pcs.toolsqa.Interactions"/>
  <system-out/>
</testsuite> <!-- com.pcs.toolsqa.Interactions -->
