<?xml version="1.0" encoding="UTF-8"?>
<!-- Generated by org.testng.reporters.JUnitReportReporter -->
<testsuite skipped="0" hostname="Harmeet-PC" name="com.pcs.toosqa.TestWebpage" tests="1" failures="0" timestamp="2020-03-18T11:33:47 IST" time="17.150" errors="0">
  <testcase name="func" time="17.150" classname="com.pcs.toosqa.TestWebpage"/>
  <system-out/>
</testsuite> <!-- com.pcs.toosqa.TestWebpage -->
